2026-04-20 17:13:29.376 [info] [main] Log level: Info
2026-04-20 17:13:29.376 [info] [main] Validating found git in: "git"
2026-04-20 17:13:29.376 [info] [main] Using git "2.51.2" from "git"
2026-04-20 17:13:29.376 [info] [Model][doInitialScan] Initial repository scan started
2026-04-20 17:13:29.376 [info] [Model][doInitialScan] Initial repository scan completed - repositories (0), closed repositories (0), parent repositories (0), unsafe repositories (0)
2026-04-20 17:14:18.971 [info] [main] Log level: Info
2026-04-20 17:14:18.971 [info] [main] Validating found git in: "git"
2026-04-20 17:14:18.971 [info] [main] Using git "2.51.2" from "git"
2026-04-20 17:14:18.971 [info] [Model][doInitialScan] Initial repository scan started
2026-04-20 17:14:18.971 [info] > git rev-parse --show-toplevel [5ms]
2026-04-20 17:14:18.971 [info] fatal: not a git repository (or any parent up to mount point /)
Stopping at filesystem boundary (GIT_DISCOVERY_ACROSS_FILESYSTEM not set).
2026-04-20 17:14:18.971 [info] > git rev-parse --show-toplevel [13ms]
2026-04-20 17:14:18.971 [info] fatal: not a git repository (or any parent up to mount point /)
Stopping at filesystem boundary (GIT_DISCOVERY_ACROSS_FILESYSTEM not set).
2026-04-20 17:14:18.971 [info] > git rev-parse --show-toplevel [5ms]
2026-04-20 17:14:18.971 [info] fatal: not a git repository (or any parent up to mount point /)
Stopping at filesystem boundary (GIT_DISCOVERY_ACROSS_FILESYSTEM not set).
2026-04-20 17:14:18.972 [info] > git rev-parse --show-toplevel [4ms]
2026-04-20 17:14:18.972 [info] fatal: not a git repository (or any parent up to mount point /)
Stopping at filesystem boundary (GIT_DISCOVERY_ACROSS_FILESYSTEM not set).
2026-04-20 17:14:18.984 [info] > git rev-parse --show-toplevel [3ms]
2026-04-20 17:14:18.984 [info] fatal: not a git repository (or any parent up to mount point /)
Stopping at filesystem boundary (GIT_DISCOVERY_ACROSS_FILESYSTEM not set).
2026-04-20 17:14:18.985 [info] [Model][doInitialScan] Initial repository scan completed - repositories (0), closed repositories (0), parent repositories (0), unsafe repositories (0)
2026-04-20 17:15:16.288 [info] > git init -b main [73ms]
2026-04-20 17:15:16.304 [info] > git rev-parse --show-toplevel [4ms]
2026-04-20 17:15:16.329 [info] > git rev-parse --git-dir --git-common-dir --show-superproject-working-tree [11ms]
2026-04-20 17:15:16.389 [info] [Model][openRepository] Opened repository (path): /home/slaven/Documents/My-Code/My-NixOS
2026-04-20 17:15:16.389 [info] [Model][openRepository] Opened repository (real path): /home/slaven/Documents/My-Code/My-NixOS
2026-04-20 17:15:16.389 [info] [Model][openRepository] Opened repository (kind): repository
2026-04-20 17:15:16.419 [info] > git config --get commit.template [6ms]
2026-04-20 17:15:16.420 [info] > git fetch [33ms]
2026-04-20 17:15:16.453 [info] [Git][getRemotes] No remotes found in the git config file
2026-04-20 17:15:16.458 [info] > git for-each-ref --format=%(refname)%00%(upstream:short)%00%(objectname)%00%(upstream:track)%00%(upstream:remotename)%00%(upstream:remoteref) refs/heads/main refs/remotes/main [9ms]
2026-04-20 17:15:16.459 [warning] [Git][getBranch] No such branch: main
2026-04-20 17:15:16.485 [info] > git config --get commit.template [48ms]
2026-04-20 17:15:16.498 [info] [Git][getRemotes] No remotes found in the git config file
2026-04-20 17:15:16.512 [info] > git for-each-ref --format=%(refname)%00%(upstream:short)%00%(objectname)%00%(upstream:track)%00%(upstream:remotename)%00%(upstream:remoteref) refs/heads/main refs/remotes/main [32ms]
2026-04-20 17:15:16.512 [warning] [Git][getBranch] No such branch: main
2026-04-20 17:15:16.514 [error] [GitHistoryProvider][resolveHEADMergeBase] Failed to resolve merge base for main: Error: No such branch: main.
2026-04-20 17:15:16.518 [info] > git config --get commit.template [8ms]
2026-04-20 17:15:16.518 [info] > git for-each-ref --format=%(refname)%00%(upstream:short)%00%(objectname)%00%(upstream:track)%00%(upstream:remotename)%00%(upstream:remoteref) refs/heads/main refs/remotes/main [21ms]
2026-04-20 17:15:16.518 [warning] [Git][getBranch] No such branch: main
2026-04-20 17:15:16.536 [info] [Git][getRemotes] No remotes found in the git config file
2026-04-20 17:15:16.540 [info] > git for-each-ref --format=%(refname)%00%(upstream:short)%00%(objectname)%00%(upstream:track)%00%(upstream:remotename)%00%(upstream:remoteref) refs/heads/main refs/remotes/main [5ms]
2026-04-20 17:15:16.540 [warning] [Git][getBranch] No such branch: main
2026-04-20 17:15:16.567 [info] > git status -z -uall [14ms]
2026-04-20 17:15:16.581 [info] > git for-each-ref --sort -committerdate --format %(refname)%00%(objectname)%00%(*objectname) [17ms]
2026-04-20 17:15:16.900 [info] > git log --format=%H%n%aN%n%aE%n%at%n%ct%n%P%n%D%n%B -z --shortstat --diff-merges=first-parent -n50 --skip=0 --topo-order --decorate=full --stdin [28ms]
2026-04-20 17:15:16.900 [info] fatal: bad revision 'refs/heads/main'
2026-04-20 17:15:16.901 [error] [GitHistoryProvider][provideHistoryItems] Failed to get history items with options '{"historyItemRefs":["refs/heads/main"],"limit":50,"skip":0}': Failed to execute git {
  "exitCode": 128,
  "gitCommand": "log",
  "stdout": "",
  "stderr": "fatal: bad revision 'refs/heads/main'\n"
}
2026-04-20 17:15:17.510 [info] > git check-ignore -v -z --stdin [8ms]
2026-04-20 17:15:18.302 [info] [Git][getRemotes] No remotes found in the git config file
2026-04-20 17:15:18.304 [info] > git config --get commit.template [21ms]
2026-04-20 17:15:18.308 [info] > git for-each-ref --format=%(refname)%00%(upstream:short)%00%(objectname)%00%(upstream:track)%00%(upstream:remotename)%00%(upstream:remoteref) refs/heads/main refs/remotes/main [7ms]
2026-04-20 17:15:18.308 [warning] [Git][getBranch] No such branch: main
2026-04-20 17:15:18.344 [info] > git status -z -uall [21ms]
2026-04-20 17:15:18.352 [info] > git for-each-ref --sort -committerdate --format %(refname)%00%(objectname)%00%(*objectname) [11ms]
2026-04-20 17:15:26.423 [info] [Git][getRemotes] No remotes found in the git config file
2026-04-20 17:15:26.425 [info] > git config --get commit.template [20ms]
2026-04-20 17:15:26.428 [info] > git for-each-ref --format=%(refname)%00%(upstream:short)%00%(objectname)%00%(upstream:track)%00%(upstream:remotename)%00%(upstream:remoteref) refs/heads/main refs/remotes/main [6ms]
2026-04-20 17:15:26.429 [warning] [Git][getBranch] No such branch: main
2026-04-20 17:15:26.484 [info] > git status -z -uall [41ms]
2026-04-20 17:15:26.486 [info] > git for-each-ref --sort -committerdate --format %(refname)%00%(objectname)%00%(*objectname) [21ms]
