2026-04-20 17:13:28.820 [info] Extension host with pid 18846 started
2026-04-20 17:13:28.969 [info] ExtensionService#_doActivateExtension vscode.github-authentication, startup: false, activationEvent: 'onAuthenticationRequest:github'
2026-04-20 17:13:29.042 [info] ExtensionService#_doActivateExtension vscode.git-base, startup: true, activationEvent: '*', root cause: vscode.git
2026-04-20 17:13:29.071 [info] ExtensionService#_doActivateExtension vscode.git, startup: true, activationEvent: '*'
2026-04-20 17:13:29.172 [info] ExtensionService#_doActivateExtension vscode.github, startup: true, activationEvent: '*'
2026-04-20 17:13:29.390 [info] Eager extensions activated
2026-04-20 17:13:29.537 [info] ExtensionService#_doActivateExtension vscode.debug-auto-launch, startup: false, activationEvent: 'onStartupFinished'
2026-04-20 17:13:29.546 [info] ExtensionService#_doActivateExtension vscode.merge-conflict, startup: false, activationEvent: 'onStartupFinished'
2026-04-20 17:14:07.559 [info] Extension host terminating: renderer closed the MessagePort
2026-04-20 17:14:07.593 [info] Extension host with pid 18846 exiting with code 0
2026-04-20 17:14:09.599 [info] Extension host with pid 19103 started
2026-04-20 17:14:09.599 [info] Skipping acquiring lock for /home/slaven/.config/VSCodium/User/workspaceStorage/bb98431aaa07c94606f163e7111975c3.
2026-04-20 17:14:09.687 [info] ExtensionService#_doActivateExtension vscode.github-authentication, startup: false, activationEvent: 'onAuthenticationRequest:github'
2026-04-20 17:14:09.941 [info] ExtensionService#_doActivateExtension vscode.git-base, startup: true, activationEvent: '*'
2026-04-20 17:14:10.070 [info] ExtensionService#_doActivateExtension vscode.github, startup: true, activationEvent: '*'
2026-04-20 17:14:10.205 [info] Eager extensions activated
2026-04-20 17:14:10.211 [info] ExtensionService#_doActivateExtension vscode.debug-auto-launch, startup: false, activationEvent: 'onStartupFinished'
2026-04-20 17:14:10.216 [info] ExtensionService#_doActivateExtension vscode.merge-conflict, startup: false, activationEvent: 'onStartupFinished'
2026-04-20 17:14:18.697 [info] ExtensionService#_doActivateExtension vscode.git, startup: false, activationEvent: 'api', root cause: vscode.github
2026-04-20 17:15:16.798 [info] ExtensionService#_doActivateExtension vscode.emmet, startup: false, activationEvent: 'onLanguage'
